2025-06-23 10:47:42.467 [info] Extension host with pid 6739 started
2025-06-23 10:47:42.467 [info] Skipping acquiring lock for /home/kodim/kodim1/Travel-master/psycho/~/.vscode-root/User/workspaceStorage/89046c153a5506c1eacf99f52b84815c.
2025-06-23 10:47:42.570 [info] ExtensionService#_doActivateExtension vscode.github-authentication, startup: false, activationEvent: 'onAuthenticationRequest:github'
2025-06-23 10:47:42.763 [info] ExtensionService#_doActivateExtension vscode.git-base, startup: true, activationEvent: '*'
2025-06-23 10:47:42.775 [info] ExtensionService#_doActivateExtension vscode.github, startup: true, activationEvent: '*'
2025-06-23 10:47:42.866 [info] Eager extensions activated
2025-06-23 10:47:42.914 [info] ExtensionService#_doActivateExtension vscode.debug-auto-launch, startup: false, activationEvent: 'onStartupFinished'
2025-06-23 10:47:42.920 [info] ExtensionService#_doActivateExtension vscode.merge-conflict, startup: false, activationEvent: 'onStartupFinished'
2025-06-23 10:47:56.881 [info] ExtensionService#_doActivateExtension vscode.git, startup: false, activationEvent: 'api', root cause: vscode.github
2025-06-23 10:47:57.153 [info] ExtensionService#_doActivateExtension vscode.emmet, startup: false, activationEvent: 'onLanguage'
2025-06-23 10:47:57.259 [warning] [Decorations] CAPPING events from decorations provider vscode.git 525
2025-06-23 10:47:57.473 [warning] [Decorations] CAPPING events from decorations provider vscode.git 525
2025-06-23 10:47:59.380 [warning] [Decorations] CAPPING events from decorations provider vscode.git 525
2025-06-23 10:48:04.429 [warning] [Decorations] CAPPING events from decorations provider vscode.git 525
2025-06-23 10:48:07.313 [info] ExtensionService#_doActivateExtension vscode.html-language-features, startup: false, activationEvent: 'onLanguage:html'
2025-06-23 10:48:09.471 [warning] [Decorations] CAPPING events from decorations provider vscode.git 531
2025-06-23 10:48:14.519 [warning] [Decorations] CAPPING events from decorations provider vscode.git 531
2025-06-23 10:48:19.563 [warning] [Decorations] CAPPING events from decorations provider vscode.git 532
2025-06-23 10:48:34.827 [warning] [Decorations] CAPPING events from decorations provider vscode.git 532
2025-06-23 10:48:40.430 [warning] [Decorations] CAPPING events from decorations provider vscode.git 532
2025-06-23 10:48:45.472 [warning] [Decorations] CAPPING events from decorations provider vscode.git 532
2025-06-23 10:48:50.510 [warning] [Decorations] CAPPING events from decorations provider vscode.git 532
2025-06-23 10:48:55.548 [warning] [Decorations] CAPPING events from decorations provider vscode.git 532
2025-06-23 10:49:00.596 [warning] [Decorations] CAPPING events from decorations provider vscode.git 532
2025-06-23 10:49:05.647 [warning] [Decorations] CAPPING events from decorations provider vscode.git 532
2025-06-23 10:49:10.694 [warning] [Decorations] CAPPING events from decorations provider vscode.git 532
2025-06-23 10:49:15.734 [warning] [Decorations] CAPPING events from decorations provider vscode.git 532
2025-06-23 10:49:20.784 [warning] [Decorations] CAPPING events from decorations provider vscode.git 532
2025-06-23 10:49:25.830 [warning] [Decorations] CAPPING events from decorations provider vscode.git 532
2025-06-23 10:49:30.870 [warning] [Decorations] CAPPING events from decorations provider vscode.git 532
2025-06-23 10:49:36.402 [warning] [Decorations] CAPPING events from decorations provider vscode.git 532
2025-06-23 10:50:48.445 [warning] [Decorations] CAPPING events from decorations provider vscode.git 534
2025-06-23 10:50:53.488 [warning] [Decorations] CAPPING events from decorations provider vscode.git 534
2025-06-23 10:50:58.531 [warning] [Decorations] CAPPING events from decorations provider vscode.git 534
2025-06-23 10:51:07.984 [warning] [Decorations] CAPPING events from decorations provider vscode.git 534
2025-06-23 10:51:13.026 [warning] [Decorations] CAPPING events from decorations provider vscode.git 534
2025-06-23 10:51:18.072 [warning] [Decorations] CAPPING events from decorations provider vscode.git 535
2025-06-23 10:51:23.119 [warning] [Decorations] CAPPING events from decorations provider vscode.git 534
2025-06-23 10:51:28.169 [warning] [Decorations] CAPPING events from decorations provider vscode.git 535
2025-06-23 10:51:33.220 [warning] [Decorations] CAPPING events from decorations provider vscode.git 535
2025-06-23 10:51:38.263 [warning] [Decorations] CAPPING events from decorations provider vscode.git 535
2025-06-23 10:51:43.303 [warning] [Decorations] CAPPING events from decorations provider vscode.git 535
2025-06-23 10:51:48.348 [warning] [Decorations] CAPPING events from decorations provider vscode.git 535
2025-06-23 10:51:53.393 [warning] [Decorations] CAPPING events from decorations provider vscode.git 535
2025-06-23 10:51:58.441 [warning] [Decorations] CAPPING events from decorations provider vscode.git 535
2025-06-23 10:52:03.480 [warning] [Decorations] CAPPING events from decorations provider vscode.git 535
2025-06-23 10:52:08.519 [warning] [Decorations] CAPPING events from decorations provider vscode.git 535
2025-06-23 10:52:13.579 [warning] [Decorations] CAPPING events from decorations provider vscode.git 535
2025-06-23 10:52:18.621 [warning] [Decorations] CAPPING events from decorations provider vscode.git 535
2025-06-23 10:52:23.665 [warning] [Decorations] CAPPING events from decorations provider vscode.git 535
2025-06-23 10:52:28.709 [warning] [Decorations] CAPPING events from decorations provider vscode.git 535
2025-06-23 10:52:33.755 [warning] [Decorations] CAPPING events from decorations provider vscode.git 535
2025-06-23 10:52:38.794 [warning] [Decorations] CAPPING events from decorations provider vscode.git 535
2025-06-23 10:52:43.837 [warning] [Decorations] CAPPING events from decorations provider vscode.git 536
2025-06-23 10:52:48.882 [warning] [Decorations] CAPPING events from decorations provider vscode.git 535
2025-06-23 10:52:53.930 [warning] [Decorations] CAPPING events from decorations provider vscode.git 535
2025-06-23 10:52:58.723 [info] ExtensionService#_doActivateExtension vscode.css-language-features, startup: false, activationEvent: 'onLanguage:css'
2025-06-23 10:52:58.984 [warning] [Decorations] CAPPING events from decorations provider vscode.git 536
2025-06-23 10:53:04.032 [warning] [Decorations] CAPPING events from decorations provider vscode.git 536
2025-06-23 10:53:05.335 [info] ExtensionService#_doActivateExtension vscode.typescript-language-features, startup: false, activationEvent: 'onLanguage:javascript'
2025-06-23 10:53:09.072 [warning] [Decorations] CAPPING events from decorations provider vscode.git 538
2025-06-23 10:53:14.117 [warning] [Decorations] CAPPING events from decorations provider vscode.git 538
2025-06-23 10:53:19.156 [warning] [Decorations] CAPPING events from decorations provider vscode.git 539
2025-06-23 10:53:28.235 [warning] [Decorations] CAPPING events from decorations provider vscode.git 539
2025-06-23 10:53:33.277 [warning] [Decorations] CAPPING events from decorations provider vscode.git 539
2025-06-23 10:53:38.317 [warning] [Decorations] CAPPING events from decorations provider vscode.git 540
2025-06-23 10:53:43.357 [warning] [Decorations] CAPPING events from decorations provider vscode.git 540
2025-06-23 10:55:01.759 [warning] [Decorations] CAPPING events from decorations provider vscode.git 540
2025-06-23 10:55:06.808 [warning] [Decorations] CAPPING events from decorations provider vscode.git 540
2025-06-23 10:55:11.862 [warning] [Decorations] CAPPING events from decorations provider vscode.git 540
2025-06-23 10:55:16.914 [warning] [Decorations] CAPPING events from decorations provider vscode.git 540
2025-06-23 10:55:21.962 [warning] [Decorations] CAPPING events from decorations provider vscode.git 540
2025-06-23 10:55:26.390 [info] ExtensionService#_doActivateExtension vscode.configuration-editing, startup: false, activationEvent: 'onLanguage:jsonc'
2025-06-23 10:55:26.410 [info] ExtensionService#_doActivateExtension vscode.json-language-features, startup: false, activationEvent: 'onLanguage:jsonc'
2025-06-23 10:55:27.014 [warning] [Decorations] CAPPING events from decorations provider vscode.git 543
2025-06-23 10:55:32.069 [warning] [Decorations] CAPPING events from decorations provider vscode.git 543
2025-06-23 10:55:37.123 [warning] [Decorations] CAPPING events from decorations provider vscode.git 543
2025-06-23 10:55:42.170 [warning] [Decorations] CAPPING events from decorations provider vscode.git 543
2025-06-23 10:55:47.224 [warning] [Decorations] CAPPING events from decorations provider vscode.git 543
2025-06-23 10:55:52.273 [warning] [Decorations] CAPPING events from decorations provider vscode.git 543
2025-06-23 10:55:57.321 [warning] [Decorations] CAPPING events from decorations provider vscode.git 543
2025-06-23 10:56:02.376 [warning] [Decorations] CAPPING events from decorations provider vscode.git 543
2025-06-23 10:56:07.427 [warning] [Decorations] CAPPING events from decorations provider vscode.git 543
2025-06-23 10:56:12.472 [warning] [Decorations] CAPPING events from decorations provider vscode.git 543
2025-06-23 10:56:17.521 [warning] [Decorations] CAPPING events from decorations provider vscode.git 547
2025-06-23 10:56:49.333 [warning] [Decorations] CAPPING events from decorations provider vscode.git 547
2025-06-23 10:58:19.067 [warning] [Decorations] CAPPING events from decorations provider vscode.git 547
2025-06-24 06:04:33.490 [warning] [Decorations] CAPPING events from decorations provider vscode.git 547
2025-06-24 06:04:38.547 [warning] [Decorations] CAPPING events from decorations provider vscode.git 548
2025-06-24 06:04:39.631 [info] ExtensionService#_doActivateExtension vscode.media-preview, startup: false, activationEvent: 'onCustomEditor:imagePreview.previewEditor'
2025-06-24 06:04:43.606 [warning] [Decorations] CAPPING events from decorations provider vscode.git 566
2025-06-24 06:04:48.661 [warning] [Decorations] CAPPING events from decorations provider vscode.git 566
2025-06-24 06:04:53.716 [warning] [Decorations] CAPPING events from decorations provider vscode.git 566
2025-06-24 06:04:58.773 [warning] [Decorations] CAPPING events from decorations provider vscode.git 566
2025-06-24 06:05:03.825 [warning] [Decorations] CAPPING events from decorations provider vscode.git 566
2025-06-24 06:05:08.885 [warning] [Decorations] CAPPING events from decorations provider vscode.git 566
2025-06-24 06:05:13.948 [warning] [Decorations] CAPPING events from decorations provider vscode.git 566
2025-06-24 06:05:19.003 [warning] [Decorations] CAPPING events from decorations provider vscode.git 566
2025-06-24 06:05:24.058 [warning] [Decorations] CAPPING events from decorations provider vscode.git 566
2025-06-24 06:05:29.118 [warning] [Decorations] CAPPING events from decorations provider vscode.git 566
2025-06-24 06:05:34.177 [warning] [Decorations] CAPPING events from decorations provider vscode.git 566
2025-06-24 06:05:39.239 [warning] [Decorations] CAPPING events from decorations provider vscode.git 566
2025-06-24 06:05:44.296 [warning] [Decorations] CAPPING events from decorations provider vscode.git 566
2025-06-24 06:05:49.353 [warning] [Decorations] CAPPING events from decorations provider vscode.git 566
2025-06-24 06:05:54.413 [warning] [Decorations] CAPPING events from decorations provider vscode.git 566
2025-06-24 06:05:59.470 [warning] [Decorations] CAPPING events from decorations provider vscode.git 566
2025-06-24 06:06:04.532 [warning] [Decorations] CAPPING events from decorations provider vscode.git 566
2025-06-24 06:06:09.594 [warning] [Decorations] CAPPING events from decorations provider vscode.git 566
2025-06-24 06:06:14.652 [warning] [Decorations] CAPPING events from decorations provider vscode.git 566
2025-06-24 06:06:19.708 [warning] [Decorations] CAPPING events from decorations provider vscode.git 566
2025-06-24 06:06:24.766 [warning] [Decorations] CAPPING events from decorations provider vscode.git 566
2025-06-24 06:06:29.827 [warning] [Decorations] CAPPING events from decorations provider vscode.git 566
2025-06-24 06:06:34.886 [warning] [Decorations] CAPPING events from decorations provider vscode.git 566
2025-06-24 06:06:39.949 [warning] [Decorations] CAPPING events from decorations provider vscode.git 566
2025-06-24 06:06:45.011 [warning] [Decorations] CAPPING events from decorations provider vscode.git 566
2025-06-24 06:06:50.070 [warning] [Decorations] CAPPING events from decorations provider vscode.git 566
2025-06-24 06:06:55.130 [warning] [Decorations] CAPPING events from decorations provider vscode.git 566
2025-06-24 06:07:00.190 [warning] [Decorations] CAPPING events from decorations provider vscode.git 566
2025-06-24 06:07:05.247 [warning] [Decorations] CAPPING events from decorations provider vscode.git 566
2025-06-24 06:07:10.299 [warning] [Decorations] CAPPING events from decorations provider vscode.git 566
2025-06-24 06:07:15.355 [warning] [Decorations] CAPPING events from decorations provider vscode.git 566
2025-06-24 06:07:20.409 [warning] [Decorations] CAPPING events from decorations provider vscode.git 566
2025-06-24 06:07:25.463 [warning] [Decorations] CAPPING events from decorations provider vscode.git 566
2025-06-24 06:07:30.520 [warning] [Decorations] CAPPING events from decorations provider vscode.git 566
2025-06-24 06:07:35.577 [warning] [Decorations] CAPPING events from decorations provider vscode.git 566
2025-06-24 06:07:40.630 [warning] [Decorations] CAPPING events from decorations provider vscode.git 566
2025-06-24 06:07:45.690 [warning] [Decorations] CAPPING events from decorations provider vscode.git 566
2025-06-24 06:07:50.751 [warning] [Decorations] CAPPING events from decorations provider vscode.git 566
2025-06-24 06:07:55.812 [warning] [Decorations] CAPPING events from decorations provider vscode.git 566
2025-06-24 06:08:00.867 [warning] [Decorations] CAPPING events from decorations provider vscode.git 566
2025-06-24 06:08:05.922 [warning] [Decorations] CAPPING events from decorations provider vscode.git 566
2025-06-24 06:08:10.991 [warning] [Decorations] CAPPING events from decorations provider vscode.git 566
2025-06-24 06:08:16.046 [warning] [Decorations] CAPPING events from decorations provider vscode.git 566
2025-06-24 06:08:21.104 [warning] [Decorations] CAPPING events from decorations provider vscode.git 566
2025-06-24 06:08:26.159 [warning] [Decorations] CAPPING events from decorations provider vscode.git 566
2025-06-24 06:08:31.215 [warning] [Decorations] CAPPING events from decorations provider vscode.git 566
2025-06-24 06:08:36.281 [warning] [Decorations] CAPPING events from decorations provider vscode.git 566
2025-06-24 06:08:41.344 [warning] [Decorations] CAPPING events from decorations provider vscode.git 566
2025-06-24 06:08:46.401 [warning] [Decorations] CAPPING events from decorations provider vscode.git 566
2025-06-24 06:08:51.462 [warning] [Decorations] CAPPING events from decorations provider vscode.git 566
2025-06-24 06:08:56.531 [warning] [Decorations] CAPPING events from decorations provider vscode.git 566
2025-06-24 06:09:01.593 [warning] [Decorations] CAPPING events from decorations provider vscode.git 566
2025-06-24 06:09:06.646 [warning] [Decorations] CAPPING events from decorations provider vscode.git 566
2025-06-24 06:09:11.710 [warning] [Decorations] CAPPING events from decorations provider vscode.git 566
2025-06-24 06:09:16.766 [warning] [Decorations] CAPPING events from decorations provider vscode.git 566
2025-06-24 06:09:21.826 [warning] [Decorations] CAPPING events from decorations provider vscode.git 566
2025-06-24 06:09:26.881 [warning] [Decorations] CAPPING events from decorations provider vscode.git 566
2025-06-24 06:09:31.939 [warning] [Decorations] CAPPING events from decorations provider vscode.git 566
2025-06-24 06:09:37.000 [warning] [Decorations] CAPPING events from decorations provider vscode.git 566
2025-06-24 06:09:42.081 [warning] [Decorations] CAPPING events from decorations provider vscode.git 566
2025-06-24 06:09:47.134 [warning] [Decorations] CAPPING events from decorations provider vscode.git 566
2025-06-24 06:09:52.196 [warning] [Decorations] CAPPING events from decorations provider vscode.git 566
2025-06-24 06:09:57.263 [warning] [Decorations] CAPPING events from decorations provider vscode.git 566
2025-06-24 07:37:54.602 [warning] [Decorations] CAPPING events from decorations provider vscode.git 566
2025-06-24 07:37:59.659 [warning] [Decorations] CAPPING events from decorations provider vscode.git 566
2025-06-24 07:41:17.704 [warning] [Decorations] CAPPING events from decorations provider vscode.git 567
2025-06-24 07:41:22.758 [warning] [Decorations] CAPPING events from decorations provider vscode.git 567
2025-06-24 07:41:27.805 [warning] [Decorations] CAPPING events from decorations provider vscode.git 569
2025-06-24 07:41:32.863 [warning] [Decorations] CAPPING events from decorations provider vscode.git 569
2025-06-24 07:41:37.923 [warning] [Decorations] CAPPING events from decorations provider vscode.git 569
2025-06-24 07:41:42.980 [warning] [Decorations] CAPPING events from decorations provider vscode.git 569
2025-06-24 07:41:48.032 [warning] [Decorations] CAPPING events from decorations provider vscode.git 569
2025-06-24 07:41:53.085 [warning] [Decorations] CAPPING events from decorations provider vscode.git 569
2025-06-24 07:41:58.140 [warning] [Decorations] CAPPING events from decorations provider vscode.git 570
2025-06-24 07:42:27.832 [warning] [Decorations] CAPPING events from decorations provider vscode.git 571
2025-06-24 07:42:32.885 [warning] [Decorations] CAPPING events from decorations provider vscode.git 570
2025-06-24 07:42:37.947 [warning] [Decorations] CAPPING events from decorations provider vscode.git 570
2025-06-24 07:42:43.003 [warning] [Decorations] CAPPING events from decorations provider vscode.git 570
2025-06-24 07:42:48.060 [warning] [Decorations] CAPPING events from decorations provider vscode.git 570
2025-06-24 07:42:53.108 [warning] [Decorations] CAPPING events from decorations provider vscode.git 570
2025-06-24 07:42:58.168 [warning] [Decorations] CAPPING events from decorations provider vscode.git 570
2025-06-24 07:43:03.222 [warning] [Decorations] CAPPING events from decorations provider vscode.git 570
2025-06-24 07:43:08.283 [warning] [Decorations] CAPPING events from decorations provider vscode.git 570
2025-06-24 07:43:13.340 [warning] [Decorations] CAPPING events from decorations provider vscode.git 570
2025-06-24 07:43:18.401 [warning] [Decorations] CAPPING events from decorations provider vscode.git 570
2025-06-24 07:43:23.456 [warning] [Decorations] CAPPING events from decorations provider vscode.git 570
2025-06-24 07:43:28.512 [warning] [Decorations] CAPPING events from decorations provider vscode.git 570
2025-06-24 07:43:33.568 [warning] [Decorations] CAPPING events from decorations provider vscode.git 570
2025-06-24 07:43:38.618 [warning] [Decorations] CAPPING events from decorations provider vscode.git 570
2025-06-24 07:43:43.674 [warning] [Decorations] CAPPING events from decorations provider vscode.git 570
2025-06-24 07:43:48.719 [warning] [Decorations] CAPPING events from decorations provider vscode.git 570
2025-06-24 07:43:53.771 [warning] [Decorations] CAPPING events from decorations provider vscode.git 570
2025-06-24 07:43:58.830 [warning] [Decorations] CAPPING events from decorations provider vscode.git 570
2025-06-24 07:44:03.891 [warning] [Decorations] CAPPING events from decorations provider vscode.git 570
2025-06-24 07:44:08.945 [warning] [Decorations] CAPPING events from decorations provider vscode.git 570
2025-06-24 07:44:14.004 [warning] [Decorations] CAPPING events from decorations provider vscode.git 570
2025-06-24 07:44:19.068 [warning] [Decorations] CAPPING events from decorations provider vscode.git 570
2025-06-24 07:44:24.125 [warning] [Decorations] CAPPING events from decorations provider vscode.git 570
2025-06-24 07:44:29.188 [warning] [Decorations] CAPPING events from decorations provider vscode.git 570
2025-06-24 07:44:34.250 [warning] [Decorations] CAPPING events from decorations provider vscode.git 570
2025-06-24 07:44:39.313 [warning] [Decorations] CAPPING events from decorations provider vscode.git 570
2025-06-24 07:44:44.373 [warning] [Decorations] CAPPING events from decorations provider vscode.git 570
2025-06-24 07:44:49.429 [warning] [Decorations] CAPPING events from decorations provider vscode.git 570
2025-06-24 07:44:54.493 [warning] [Decorations] CAPPING events from decorations provider vscode.git 570
2025-06-24 07:44:59.552 [warning] [Decorations] CAPPING events from decorations provider vscode.git 570
2025-06-24 07:45:04.622 [warning] [Decorations] CAPPING events from decorations provider vscode.git 570
2025-06-24 07:45:09.683 [warning] [Decorations] CAPPING events from decorations provider vscode.git 570
2025-06-24 07:45:14.736 [warning] [Decorations] CAPPING events from decorations provider vscode.git 570
2025-06-24 07:45:19.798 [warning] [Decorations] CAPPING events from decorations provider vscode.git 570
2025-06-24 07:45:24.854 [warning] [Decorations] CAPPING events from decorations provider vscode.git 570
2025-06-24 07:45:29.910 [warning] [Decorations] CAPPING events from decorations provider vscode.git 570
2025-06-24 07:45:34.964 [warning] [Decorations] CAPPING events from decorations provider vscode.git 570
2025-06-24 07:45:40.021 [warning] [Decorations] CAPPING events from decorations provider vscode.git 570
2025-06-24 07:45:45.075 [warning] [Decorations] CAPPING events from decorations provider vscode.git 570
2025-06-24 07:45:50.137 [warning] [Decorations] CAPPING events from decorations provider vscode.git 570
2025-06-24 07:45:55.196 [warning] [Decorations] CAPPING events from decorations provider vscode.git 570
2025-06-24 07:46:00.249 [warning] [Decorations] CAPPING events from decorations provider vscode.git 570
2025-06-24 07:46:05.304 [warning] [Decorations] CAPPING events from decorations provider vscode.git 570
2025-06-24 07:46:10.358 [warning] [Decorations] CAPPING events from decorations provider vscode.git 570
2025-06-24 07:46:15.425 [warning] [Decorations] CAPPING events from decorations provider vscode.git 570
2025-06-24 07:46:20.489 [warning] [Decorations] CAPPING events from decorations provider vscode.git 570
2025-06-24 07:46:25.548 [warning] [Decorations] CAPPING events from decorations provider vscode.git 570
2025-06-24 07:46:30.598 [warning] [Decorations] CAPPING events from decorations provider vscode.git 570
2025-06-24 07:46:35.657 [warning] [Decorations] CAPPING events from decorations provider vscode.git 570
2025-06-24 07:46:40.708 [warning] [Decorations] CAPPING events from decorations provider vscode.git 570
2025-06-24 07:46:45.760 [warning] [Decorations] CAPPING events from decorations provider vscode.git 570
2025-06-24 07:46:50.819 [warning] [Decorations] CAPPING events from decorations provider vscode.git 570
2025-06-24 07:46:55.877 [warning] [Decorations] CAPPING events from decorations provider vscode.git 570
2025-06-24 07:47:00.932 [warning] [Decorations] CAPPING events from decorations provider vscode.git 571
2025-06-24 07:47:05.996 [warning] [Decorations] CAPPING events from decorations provider vscode.git 571
2025-06-24 07:47:11.058 [warning] [Decorations] CAPPING events from decorations provider vscode.git 571
2025-06-24 07:47:16.102 [warning] [Decorations] CAPPING events from decorations provider vscode.git 571
2025-06-24 07:47:21.167 [warning] [Decorations] CAPPING events from decorations provider vscode.git 572
2025-06-24 18:33:37.755 [warning] [Decorations] CAPPING events from decorations provider vscode.git 572
2025-06-24 18:33:37.835 [info] Extension host terminating: renderer closed the MessagePort
2025-06-24 18:33:37.967 [info] Extension host with pid 6739 exiting with code 0
